<?xml version="1.0" encoding="UTF-8"?>
<!-- Generated by org.testng.reporters.JUnitReportReporter -->
<testsuite skipped="0" hostname="LAPTOP-PCI50R8O" name="org.demo.SampleTest" tests="1" failures="0" timestamp="19 Jul 2022 07:12:53 GMT" time="6.270" errors="0">
  <testcase name="test" time="6.270" classname="org.demo.SampleTest"/>
</testsuite> <!-- org.demo.SampleTest -->
